<?xml version="1.0" encoding="UTF-8"?>
<!-- Generated by org.testng.reporters.JUnitReportReporter -->
<testsuite hostname="Aditya" failures="0" tests="2" name="test.HomePageTest" time="13.385" errors="0" timestamp="2025-07-04T09:38:28 IST" skipped="0">
  <testcase classname="test.HomePageTest" name="clickonHome" time="8.693"/>
  <testcase classname="test.HomePageTest" name="udemycourses" time="4.692"/>
</testsuite> <!-- test.HomePageTest -->
