<?xml version="1.0" encoding="UTF-8"?>
<!-- Generated by org.testng.reporters.JUnitReportReporter -->
<testsuite hostname="Aditya" failures="0" tests="1" name="test.TableHandileTest" time="1.174" errors="0" timestamp="2025-07-07T08:22:14 IST" skipped="0">
  <testcase classname="test.TableHandileTest" name="statictablehandletest" time="1.174"/>
</testsuite> <!-- test.TableHandileTest -->
