<?xml version="1.0" encoding="UTF-8"?>
<!-- Generated by org.testng.reporters.JUnitReportReporter -->
<testsuite hostname="Aditya" failures="0" tests="1" name="test.FillFormTest" time="2.313" errors="0" timestamp="2025-07-04T10:43:47 IST" skipped="0">
  <testcase classname="test.FillFormTest" name="fillform" time="2.313"/>
</testsuite> <!-- test.FillFormTest -->
